<?xml version="1.0" encoding="UTF-8"?>
<testsuite xmlns:xsi="http://www.w3.org/2001/XMLSchema-instance" xsi:noNamespaceSchemaLocation="https://maven.apache.org/surefire/maven-surefire-plugin/xsd/surefire-test-report.xsd" version="3.0.2" name="com.ssmclg.studentmngt.StudentmngtApplicationTests" time="22.405" tests="1" errors="0" skipped="0" failures="0">
  <properties>
[...]
</properties>
  <testcase name="contextLoads" classname="com.ssmclg.studentmngt.StudentmngtApplicationTests" time="4.026">
    <system-out><![CDATA[16:07:05.539 [main] INFO org.springframework.test.context.support.AnnotationConfigContextLoaderUtils -- Could not detect default configuration classes for test class [com.ssmclg.studentmngt.StudentmngtApplicationTests]: StudentmngtApplicationTests does not declare any static, non-private, non-final, nested classes annotated with @Configuration.
16:07:06.646 [main] INFO org.springframework.boot.test.context.SpringBootTestContextBootstrapper -- Found @SpringBootConfiguration com.ssmclg.studentmngt.StudentmngtApplication for test class com.ssmclg.studentmngt.StudentmngtApplicationTests

  .   ____          _            __ _ _
 /\\ / ___'_ __ _ _(_)_ __  __ _ \ \ \ \
( ( )\___ | '_ | '_| | '_ \/ _` | \ \ \ \
 \\/  ___)| |_)| | | | | || (_| |  ) ) ) )
  '  |____| .__|_| |_|_| |_\__, | / / / /
 =========|_|==============|___/=/_/_/_/

 :: Spring Boot ::                (v3.5.0)

2025-05-27T16:07:09.186+05:30  INFO 8812 --- [studentmngt] [           main] c.s.s.StudentmngtApplicationTests        : Starting StudentmngtApplicationTests using Java 21.0.6 with PID 8812 (started by prici in C:\Users\studentmngt)
2025-05-27T16:07:09.190+05:30  INFO 8812 --- [studentmngt] [           main] c.s.s.StudentmngtApplicationTests        : No active profile set, falling back to 1 default profile: "default"
2025-05-27T16:07:13.886+05:30  INFO 8812 --- [studentmngt] [           main] .s.d.r.c.RepositoryConfigurationDelegate : Bootstrapping Spring Data MongoDB repositories in DEFAULT mode.
2025-05-27T16:07:14.190+05:30  INFO 8812 --- [studentmngt] [           main] .s.d.r.c.RepositoryConfigurationDelegate : Finished Spring Data repository scanning in 269 ms. Found 1 MongoDB repository interface.
2025-05-27T16:07:16.287+05:30  INFO 8812 --- [studentmngt] [           main] org.mongodb.driver.client                : MongoClient with metadata {"application": {"name": "Cluster0"}, "driver": {"name": "mongo-java-driver|sync|spring-boot", "version": "5.4.0"}, "os": {"type": "Windows", "name": "Windows 11", "architecture": "amd64", "version": "10.0"}, "platform": "Java/Oracle Corporation/21.0.6+8-LTS-188"} created with settings MongoClientSettings{readPreference=primary, writeConcern=WriteConcern{w=majority, wTimeout=null ms, journal=null}, retryWrites=true, retryReads=true, readConcern=ReadConcern{level=null}, credential=MongoCredential{mechanism=null, userName='pricilla', source='admin', password=<hidden>, mechanismProperties=<hidden>}, transportSettings=null, commandListeners=[], codecRegistry=ProvidersCodecRegistry{codecProviders=[ValueCodecProvider{}, BsonValueCodecProvider{}, DBRefCodecProvider{}, DBObjectCodecProvider{}, DocumentCodecProvider{}, CollectionCodecProvider{}, IterableCodecProvider{}, MapCodecProvider{}, GeoJsonCodecProvider{}, GridFSFileCodecProvider{}, Jsr310CodecProvider{}, JsonObjectCodecProvider{}, BsonCodecProvider{}, EnumCodecProvider{}, com.mongodb.client.model.mql.ExpressionCodecProvider@294aba23, com.mongodb.Jep395RecordCodecProvider@69909c14, com.mongodb.KotlinCodecProvider@5d3b58ca]}, loggerSettings=LoggerSettings{maxDocumentLength=1000}, clusterSettings={hosts=[127.0.0.1:27017], srvHost=cluster0.ul0rugu.mongodb.net, srvServiceName=mongodb, mode=MULTIPLE, requiredClusterType=REPLICA_SET, requiredReplicaSetName='atlas-2mlxss-shard-0', serverSelector='null', clusterListeners='[]', serverSelectionTimeout='30000 ms', localThreshold='15 ms'}, socketSettings=SocketSettings{connectTimeoutMS=10000, readTimeoutMS=0, receiveBufferSize=0, proxySettings=ProxySettings{host=null, port=null, username=null, password=null}}, heartbeatSocketSettings=SocketSettings{connectTimeoutMS=10000, readTimeoutMS=10000, receiveBufferSize=0, proxySettings=ProxySettings{host=null, port=null, username=null, password=null}}, connectionPoolSettings=ConnectionPoolSettings{maxSize=100, minSize=0, maxWaitTimeMS=120000, maxConnectionLifeTimeMS=0, maxConnectionIdleTimeMS=0, maintenanceInitialDelayMS=0, maintenanceFrequencyMS=60000, connectionPoolListeners=[], maxConnecting=2}, serverSettings=ServerSettings{heartbeatFrequencyMS=10000, minHeartbeatFrequencyMS=500, serverMonitoringMode=AUTO, serverListeners='[]', serverMonitorListeners='[]'}, sslSettings=SslSettings{enabled=true, invalidHostNameAllowed=false, context=null}, applicationName='Cluster0', compressorList=[], uuidRepresentation=JAVA_LEGACY, serverApi=null, autoEncryptionSettings=null, dnsClient=null, inetAddressResolver=null, contextProvider=null, timeoutMS=null}
2025-05-27T16:07:16.467+05:30  INFO 8812 --- [studentmngt] [ugu.mongodb.net] org.mongodb.driver.cluster               : Adding discovered server ac-rrgqifd-shard-00-02.ul0rugu.mongodb.net:27017 to client view of cluster
2025-05-27T16:07:16.659+05:30  INFO 8812 --- [studentmngt] [ugu.mongodb.net] org.mongodb.driver.cluster               : Adding discovered server ac-rrgqifd-shard-00-00.ul0rugu.mongodb.net:27017 to client view of cluster
2025-05-27T16:07:16.678+05:30  INFO 8812 --- [studentmngt] [ugu.mongodb.net] org.mongodb.driver.cluster               : Adding discovered server ac-rrgqifd-shard-00-01.ul0rugu.mongodb.net:27017 to client view of cluster
2025-05-27T16:07:16.932+05:30  WARN 8812 --- [studentmngt] [           main] o.s.data.convert.CustomConversions       : Registering converter from interface java.util.List to interface org.springframework.data.domain.Vector as reading converter although it doesn't convert from a store-supported type; You might want to check your annotation setup at the converter implementation
2025-05-27T16:07:17.577+05:30  WARN 8812 --- [studentmngt] [           main] o.s.data.convert.CustomConversions       : Registering converter from interface java.util.List to interface org.springframework.data.domain.Vector as reading converter although it doesn't convert from a store-supported type; You might want to check your annotation setup at the converter implementation
2025-05-27T16:07:21.350+05:30  INFO 8812 --- [studentmngt] [ngodb.net:27017] org.mongodb.driver.cluster               : Monitor thread successfully connected to server with description ServerDescription{address=ac-rrgqifd-shard-00-00.ul0rugu.mongodb.net:27017, type=REPLICA_SET_SECONDARY, cryptd=false, state=CONNECTED, ok=true, minWireVersion=0, maxWireVersion=25, maxDocumentSize=16777216, logicalSessionTimeoutMinutes=30, roundTripTimeNanos=2914404400, minRoundTripTimeNanos=0, setName='atlas-2mlxss-shard-0', canonicalAddress=ac-rrgqifd-shard-00-00.ul0rugu.mongodb.net:27017, hosts=[ac-rrgqifd-shard-00-00.ul0rugu.mongodb.net:27017, ac-rrgqifd-shard-00-01.ul0rugu.mongodb.net:27017, ac-rrgqifd-shard-00-02.ul0rugu.mongodb.net:27017], passives=[], arbiters=[], primary='ac-rrgqifd-shard-00-01.ul0rugu.mongodb.net:27017', tagSet=TagSet{[Tag{name='availabilityZone', value='aps1-az1'}, Tag{name='diskState', value='READY'}, Tag{name='nodeType', value='ELECTABLE'}, Tag{name='provider', value='AWS'}, Tag{name='region', value='AP_SOUTH_1'}, Tag{name='workloadType', value='OPERATIONAL'}]}, electionId=null, setVersion=233, topologyVersion=TopologyVersion{processId=682e26587234804f5a8839e7, counter=4}, lastWriteDate=Tue May 27 16:07:27 IST 2025, lastUpdateTimeNanos=14935420469700}
2025-05-27T16:07:21.375+05:30  INFO 8812 --- [studentmngt] [ngodb.net:27017] org.mongodb.driver.cluster               : Monitor thread successfully connected to server with description ServerDescription{address=ac-rrgqifd-shard-00-02.ul0rugu.mongodb.net:27017, type=REPLICA_SET_SECONDARY, cryptd=false, state=CONNECTED, ok=true, minWireVersion=0, maxWireVersion=25, maxDocumentSize=16777216, logicalSessionTimeoutMinutes=30, roundTripTimeNanos=2247116200, minRoundTripTimeNanos=0, setName='atlas-2mlxss-shard-0', canonicalAddress=ac-rrgqifd-shard-00-02.ul0rugu.mongodb.net:27017, hosts=[ac-rrgqifd-shard-00-00.ul0rugu.mongodb.net:27017, ac-rrgqifd-shard-00-01.ul0rugu.mongodb.net:27017, ac-rrgqifd-shard-00-02.ul0rugu.mongodb.net:27017], passives=[], arbiters=[], primary='ac-rrgqifd-shard-00-01.ul0rugu.mongodb.net:27017', tagSet=TagSet{[Tag{name='availabilityZone', value='aps1-az2'}, Tag{name='diskState', value='READY'}, Tag{name='nodeType', value='ELECTABLE'}, Tag{name='provider', value='AWS'}, Tag{name='region', value='AP_SOUTH_1'}, Tag{name='workloadType', value='OPERATIONAL'}]}, electionId=null, setVersion=233, topologyVersion=TopologyVersion{processId=682e2c25e8aa2988c52f277b, counter=3}, lastWriteDate=Tue May 27 16:07:27 IST 2025, lastUpdateTimeNanos=14935422466400}
2025-05-27T16:07:21.466+05:30  INFO 8812 --- [studentmngt] [ngodb.net:27017] org.mongodb.driver.cluster               : Monitor thread successfully connected to server with description ServerDescription{address=ac-rrgqifd-shard-00-01.ul0rugu.mongodb.net:27017, type=REPLICA_SET_PRIMARY, cryptd=false, state=CONNECTED, ok=true, minWireVersion=0, maxWireVersion=25, maxDocumentSize=16777216, logicalSessionTimeoutMinutes=30, roundTripTimeNanos=2345741300, minRoundTripTimeNanos=0, setName='atlas-2mlxss-shard-0', canonicalAddress=ac-rrgqifd-shard-00-01.ul0rugu.mongodb.net:27017, hosts=[ac-rrgqifd-shard-00-00.ul0rugu.mongodb.net:27017, ac-rrgqifd-shard-00-01.ul0rugu.mongodb.net:27017, ac-rrgqifd-shard-00-02.ul0rugu.mongodb.net:27017], passives=[], arbiters=[], primary='ac-rrgqifd-shard-00-01.ul0rugu.mongodb.net:27017', tagSet=TagSet{[Tag{name='availabilityZone', value='aps1-az3'}, Tag{name='diskState', value='READY'}, Tag{name='nodeType', value='ELECTABLE'}, Tag{name='provider', value='AWS'}, Tag{name='region', value='AP_SOUTH_1'}, Tag{name='workloadType', value='OPERATIONAL'}]}, electionId=7fffffff00000000000000d1, setVersion=233, topologyVersion=TopologyVersion{processId=682e290dde2347d7f4da4a4a, counter=6}, lastWriteDate=Tue May 27 16:07:27 IST 2025, lastUpdateTimeNanos=14935544597200}
2025-05-27T16:07:21.468+05:30  INFO 8812 --- [studentmngt] [ngodb.net:27017] org.mongodb.driver.cluster               : Discovered replica set primary ac-rrgqifd-shard-00-01.ul0rugu.mongodb.net:27017 with max election id 7fffffff00000000000000d1 and max set version 233
2025-05-27T16:07:23.095+05:30  INFO 8812 --- [studentmngt] [           main] c.s.s.StudentmngtApplicationTests        : Started StudentmngtApplicationTests in 15.565 seconds (process running for 20.864)
]]></system-out>
    <system-err><![CDATA[Mockito is currently self-attaching to enable the inline-mock-maker. This will no longer work in future releases of the JDK. Please add Mockito as an agent to your build as described in Mockito's documentation: https://javadoc.io/doc/org.mockito/mockito-core/latest/org.mockito/org/mockito/Mockito.html#0.3
WARNING: A Java agent has been loaded dynamically (C:\Users\prici\.m2\repository\net\bytebuddy\byte-buddy-agent\1.17.5\byte-buddy-agent-1.17.5.jar)
WARNING: If a serviceability tool is in use, please run with -XX:+EnableDynamicAgentLoading to hide this warning
WARNING: If a serviceability tool is not in use, please run with -Djdk.instrument.traceUsage for more information
WARNING: Dynamic loading of agents will be disallowed by default in a future release
]]></system-err>
  </testcase>
</testsuite>